<?xml version="1.0" encoding="UTF-8"?>
<!-- Generated by org.testng.reporters.JUnitReportReporter -->
<testsuite hostname="BCS17564" failures="0" tests="4" name="cl.bcs.application.suite.execute.SpotExecute$ExtentReportsClass" time="1787.785" errors="0" timestamp="2 Oct 2019 19:22:49 GMT">
  <testcase classname="cl.bcs.application.suite.execute.SpotExecute$ExtentReportsClass" name="variacion2" time="555.691"/>
  <testcase classname="cl.bcs.application.suite.execute.SpotExecute$ExtentReportsClass" name="variacion3" time="660.863"/>
  <testcase classname="cl.bcs.application.suite.execute.SpotExecute$ExtentReportsClass" name="variacion0" time="15.121"/>
  <testcase classname="cl.bcs.application.suite.execute.SpotExecute$ExtentReportsClass" name="variacion1" time="556.110"/>
</testsuite> <!-- cl.bcs.application.suite.execute.SpotExecute$ExtentReportsClass -->
