<?xml version="1.0" encoding="UTF-8"?>
<!-- Generated by org.testng.reporters.JUnitReportReporter -->
<testsuite hostname="BCS17564" failures="0" tests="2" name="cl.bcs.application.suite.execute.SpotExecute$ExtentReportsClass" time="796.307" errors="0" timestamp="3 Oct 2019 21:17:27 GMT">
  <testcase classname="cl.bcs.application.suite.execute.SpotExecute$ExtentReportsClass" name="variacion7" time="781.266"/>
  <testcase classname="cl.bcs.application.suite.execute.SpotExecute$ExtentReportsClass" name="variacion0" time="15.041"/>
</testsuite> <!-- cl.bcs.application.suite.execute.SpotExecute$ExtentReportsClass -->
