<?xml version="1.0" encoding="UTF-8"?>
<!-- Generated by org.testng.reporters.JUnitReportReporter -->
<testsuite hostname="BCS17564" failures="0" tests="2" name="cl.bcs.application.suite.execute.SpotExecute$ExtentReportsClass" time="542.963" errors="0" timestamp="30 Sep 2019 17:52:04 GMT">
  <testcase classname="cl.bcs.application.suite.execute.SpotExecute$ExtentReportsClass" name="variacion1" time="532.200"/>
  <testcase classname="cl.bcs.application.suite.execute.SpotExecute$ExtentReportsClass" name="variacion0" time="10.763"/>
</testsuite> <!-- cl.bcs.application.suite.execute.SpotExecute$ExtentReportsClass -->
