<?xml version="1.0" encoding="UTF-8"?>
<!-- Generated by org.testng.reporters.JUnitReportReporter -->
<testsuite hostname="BCS17564" failures="0" tests="13" name="cl.bcs.application.suite.execute.SpotExecute$ExtentReportsClass" time="7896.319" errors="0" timestamp="11 Oct 2019 15:59:08 GMT">
  <testcase classname="cl.bcs.application.suite.execute.SpotExecute$ExtentReportsClass" name="variacion0" time="15.364"/>
  <testcase classname="cl.bcs.application.suite.execute.SpotExecute$ExtentReportsClass" name="variacion1" time="558.333"/>
  <testcase classname="cl.bcs.application.suite.execute.SpotExecute$ExtentReportsClass" name="variacion2" time="558.151"/>
  <testcase classname="cl.bcs.application.suite.execute.SpotExecute$ExtentReportsClass" name="variacion4" time="667.012"/>
  <testcase classname="cl.bcs.application.suite.execute.SpotExecute$ExtentReportsClass" name="variacion11" time="692.939"/>
  <testcase classname="cl.bcs.application.suite.execute.SpotExecute$ExtentReportsClass" name="variacion3" time="671.163"/>
  <testcase classname="cl.bcs.application.suite.execute.SpotExecute$ExtentReportsClass" name="variacion9" time="567.067"/>
  <testcase classname="cl.bcs.application.suite.execute.SpotExecute$ExtentReportsClass" name="variacion12" time="683.308"/>
  <testcase classname="cl.bcs.application.suite.execute.SpotExecute$ExtentReportsClass" name="variacion6" time="669.523"/>
  <testcase classname="cl.bcs.application.suite.execute.SpotExecute$ExtentReportsClass" name="variacion10" time="567.937"/>
  <testcase classname="cl.bcs.application.suite.execute.SpotExecute$ExtentReportsClass" name="variacion7" time="789.074"/>
  <testcase classname="cl.bcs.application.suite.execute.SpotExecute$ExtentReportsClass" name="variacion5" time="674.766"/>
  <testcase classname="cl.bcs.application.suite.execute.SpotExecute$ExtentReportsClass" name="variacion8" time="781.682"/>
</testsuite> <!-- cl.bcs.application.suite.execute.SpotExecute$ExtentReportsClass -->
