<?xml version="1.0" encoding="UTF-8"?>
<!-- Generated by org.testng.reporters.JUnitReportReporter -->
<testsuite hostname="BCS17564" failures="0" tests="2" name="cl.bcs.application.suite.execute.SpotExecute$ExtentReportsClass" time="680.067" errors="0" timestamp="3 Oct 2019 14:36:00 GMT">
  <testcase classname="cl.bcs.application.suite.execute.SpotExecute$ExtentReportsClass" name="variacion0" time="14.900"/>
  <testcase classname="cl.bcs.application.suite.execute.SpotExecute$ExtentReportsClass" name="variacion6" time="665.167"/>
</testsuite> <!-- cl.bcs.application.suite.execute.SpotExecute$ExtentReportsClass -->
